c:\users\petra\documents\visual studio 2015\projects\backgroundx86\opencvexample\release\opencvexample.pch
c:\users\petra\documents\visual studio 2015\projects\backgroundx86\opencvexample\release\vc140.pdb
c:\users\petra\documents\visual studio 2015\projects\backgroundx86\opencvexample\release\pch.obj
c:\users\petra\documents\visual studio 2015\projects\backgroundx86\opencvexample\release\xamltypeinfo.impl.g.obj
c:\users\petra\documents\visual studio 2015\projects\backgroundx86\opencvexample\release\app.xaml.obj
c:\users\petra\documents\visual studio 2015\projects\backgroundx86\opencvexample\release\mainpage.xaml.obj
c:\users\petra\documents\visual studio 2015\projects\backgroundx86\opencvexample\release\xamltypeinfo.g.obj
c:\users\petra\documents\visual studio 2015\projects\backgroundx86\opencvexample\release\opencvexample.tlog\opencvexample.winmd.lastbuild
c:\users\petra\documents\visual studio 2015\projects\backgroundx86\release\opencvexample\opencvexample.winmd
c:\users\petra\documents\visual studio 2015\projects\backgroundx86\release\opencvexample\opencvexample.lib
c:\users\petra\documents\visual studio 2015\projects\backgroundx86\release\opencvexample\opencvexample.exp
c:\users\petra\documents\visual studio 2015\projects\backgroundx86\opencvexample\release\opencvexample.vcxprojresolveassemblyreference.cache
c:\users\petra\documents\visual studio 2015\projects\backgroundx86\opencvexample\generated files\app.g.h
c:\users\petra\documents\visual studio 2015\projects\backgroundx86\opencvexample\generated files\mainpage.g.h
c:\users\petra\documents\visual studio 2015\projects\backgroundx86\opencvexample\generated files\app.xaml
c:\users\petra\documents\visual studio 2015\projects\backgroundx86\opencvexample\generated files\mainpage.xaml
c:\users\petra\documents\visual studio 2015\projects\backgroundx86\opencvexample\generated files\app.xbf
c:\users\petra\documents\visual studio 2015\projects\backgroundx86\opencvexample\generated files\mainpage.xbf
c:\users\petra\documents\visual studio 2015\projects\backgroundx86\opencvexample\release\xamlsavestatefile.xml
c:\users\petra\documents\visual studio 2015\projects\backgroundx86\release\opencvexample\app.xbf
c:\users\petra\documents\visual studio 2015\projects\backgroundx86\release\opencvexample\mainpage.xbf
c:\users\petra\documents\visual studio 2015\projects\backgroundx86\opencvexample\release\resourcehandlingtask.state
c:\users\petra\documents\visual studio 2015\projects\backgroundx86\opencvexample\release\opencvexample.vcxproj.generateresource.cache
c:\users\petra\documents\visual studio 2015\projects\backgroundx86\opencvexample\release\priconfig.xml
c:\users\petra\documents\visual studio 2015\projects\backgroundx86\opencvexample\release\priconfig.xml.intermediate
c:\users\petra\documents\visual studio 2015\projects\backgroundx86\opencvexample\release\layout.resfiles
c:\users\petra\documents\visual studio 2015\projects\backgroundx86\opencvexample\release\layout.resfiles.intermediate
c:\users\petra\documents\visual studio 2015\projects\backgroundx86\opencvexample\release\resources.resfiles
c:\users\petra\documents\visual studio 2015\projects\backgroundx86\opencvexample\release\resources.resfiles.intermediate
c:\users\petra\documents\visual studio 2015\projects\backgroundx86\opencvexample\release\pri.resfiles
c:\users\petra\documents\visual studio 2015\projects\backgroundx86\opencvexample\release\pri.resfiles.intermediate
c:\users\petra\documents\visual studio 2015\projects\backgroundx86\release\opencvexample\resources.pri
c:\users\petra\documents\visual studio 2015\projects\backgroundx86\opencvexample\release\qualifiers.txt
c:\users\petra\documents\visual studio 2015\projects\backgroundx86\opencvexample\release\qualifiers.txt.intermediate
c:\users\petra\documents\visual studio 2015\projects\backgroundx86\opencvexample\release\multiplequalifiersperdimensionfound.txt
c:\users\petra\documents\visual studio 2015\projects\backgroundx86\opencvexample\release\projectarchitectures.txt
c:\users\petra\documents\visual studio 2015\projects\backgroundx86\release\opencvexample\appxmanifest.xml
c:\users\petra\documents\visual studio 2015\projects\backgroundx86\opencvexample\release\ilc\in\appxmanifest.xml
c:\users\petra\documents\visual studio 2015\projects\backgroundx86\opencvexample\release\ilc\in\opencvexample.pdb
c:\users\petra\documents\visual studio 2015\projects\backgroundx86\opencvexample\release\ilc\in\opencvexample.winmd
c:\users\petra\documents\visual studio 2015\projects\backgroundx86\opencvexample\release\ilc\in\resources.pri
c:\users\petra\documents\visual studio 2015\projects\backgroundx86\opencvexample\release\ilc\in\opencvexample.exe
c:\users\petra\documents\visual studio 2015\projects\backgroundx86\opencvexample\release\ilc\in\assets\haarcascade_frontalface_alt.xml
c:\users\petra\documents\visual studio 2015\projects\backgroundx86\opencvexample\release\ilc\in\assets\haarcascade_fullbody.xml
c:\users\petra\documents\visual studio 2015\projects\backgroundx86\opencvexample\release\ilc\in\assets\grppc1.jpg
c:\users\petra\documents\visual studio 2015\projects\backgroundx86\opencvexample\release\ilc\in\assets\lockscreenlogo.scale-200.png
c:\users\petra\documents\visual studio 2015\projects\backgroundx86\opencvexample\release\ilc\in\assets\splashscreen.scale-200.png
c:\users\petra\documents\visual studio 2015\projects\backgroundx86\opencvexample\release\ilc\in\assets\square150x150logo.scale-200.png
c:\users\petra\documents\visual studio 2015\projects\backgroundx86\opencvexample\release\ilc\in\assets\square44x44logo.scale-200.png
c:\users\petra\documents\visual studio 2015\projects\backgroundx86\opencvexample\release\ilc\in\assets\square44x44logo.targetsize-24_altform-unplated.png
c:\users\petra\documents\visual studio 2015\projects\backgroundx86\opencvexample\release\ilc\in\assets\storelogo.png
c:\users\petra\documents\visual studio 2015\projects\backgroundx86\opencvexample\release\ilc\in\assets\wide310x150logo.scale-200.png
c:\users\petra\documents\visual studio 2015\projects\backgroundx86\opencvexample\release\ilc\in\opencv_core300.dll
c:\users\petra\documents\visual studio 2015\projects\backgroundx86\opencvexample\release\ilc\in\opencv_imgcodecs300.dll
c:\users\petra\documents\visual studio 2015\projects\backgroundx86\opencvexample\release\ilc\in\opencv_imgproc300.dll
c:\users\petra\documents\visual studio 2015\projects\backgroundx86\opencvexample\release\ilc\in\opencv_ml300.dll
c:\users\petra\documents\visual studio 2015\projects\backgroundx86\opencvexample\release\ilc\in\opencv_objdetect300.dll
c:\users\petra\documents\visual studio 2015\projects\backgroundx86\opencvexample\release\ilc.opencvexample.rsp
c:\users\petra\documents\visual studio 2015\projects\backgroundx86\release\opencvexample\ilc\assets\grppc1.jpg
c:\users\petra\documents\visual studio 2015\projects\backgroundx86\release\opencvexample\ilc\assets\haarcascade_frontalface_alt.xml
c:\users\petra\documents\visual studio 2015\projects\backgroundx86\release\opencvexample\ilc\assets\haarcascade_fullbody.xml
c:\users\petra\documents\visual studio 2015\projects\backgroundx86\release\opencvexample\ilc\assets\lockscreenlogo.scale-200.png
c:\users\petra\documents\visual studio 2015\projects\backgroundx86\release\opencvexample\ilc\assets\splashscreen.scale-200.png
c:\users\petra\documents\visual studio 2015\projects\backgroundx86\release\opencvexample\ilc\assets\square150x150logo.scale-200.png
c:\users\petra\documents\visual studio 2015\projects\backgroundx86\release\opencvexample\ilc\assets\square44x44logo.scale-200.png
c:\users\petra\documents\visual studio 2015\projects\backgroundx86\release\opencvexample\ilc\assets\square44x44logo.targetsize-24_altform-unplated.png
c:\users\petra\documents\visual studio 2015\projects\backgroundx86\release\opencvexample\ilc\assets\storelogo.png
c:\users\petra\documents\visual studio 2015\projects\backgroundx86\release\opencvexample\ilc\assets\wide310x150logo.scale-200.png
c:\users\petra\documents\visual studio 2015\projects\backgroundx86\release\opencvexample\ilc\opencvexample.exe
c:\users\petra\documents\visual studio 2015\projects\backgroundx86\release\opencvexample\ilc\opencvexample.pdb
c:\users\petra\documents\visual studio 2015\projects\backgroundx86\release\opencvexample\ilc\opencvexample.winmd
c:\users\petra\documents\visual studio 2015\projects\backgroundx86\release\opencvexample\ilc\opencv_core300.dll
c:\users\petra\documents\visual studio 2015\projects\backgroundx86\release\opencvexample\ilc\opencv_imgcodecs300.dll
c:\users\petra\documents\visual studio 2015\projects\backgroundx86\release\opencvexample\ilc\opencv_imgproc300.dll
c:\users\petra\documents\visual studio 2015\projects\backgroundx86\release\opencvexample\ilc\opencv_ml300.dll
c:\users\petra\documents\visual studio 2015\projects\backgroundx86\release\opencvexample\ilc\opencv_objdetect300.dll
c:\users\petra\documents\visual studio 2015\projects\backgroundx86\release\opencvexample\ilc\resources.pri
c:\users\petra\documents\visual studio 2015\projects\backgroundx86\release\opencvexample\opencvexample.build.appxrecipe
c:\users\petra\documents\visual studio 2015\projects\backgroundx86\opencvexample\release\embed.resfiles
c:\users\petra\documents\visual studio 2015\projects\backgroundx86\release\opencvexample\opencvexample.pdb
c:\users\petra\documents\visual studio 2015\projects\backgroundx86\opencvexample\release\opencvexample.tlog\cl.command.1.tlog
c:\users\petra\documents\visual studio 2015\projects\backgroundx86\opencvexample\release\opencvexample.tlog\cl.read.1.tlog
c:\users\petra\documents\visual studio 2015\projects\backgroundx86\opencvexample\release\opencvexample.tlog\cl.write.1.tlog
c:\users\petra\documents\visual studio 2015\projects\backgroundx86\opencvexample\release\opencvexample.tlog\link.command.1.tlog
c:\users\petra\documents\visual studio 2015\projects\backgroundx86\opencvexample\release\opencvexample.tlog\link.read.1.tlog
c:\users\petra\documents\visual studio 2015\projects\backgroundx86\opencvexample\release\opencvexample.tlog\link.write.1.tlog
c:\users\petra\documents\visual studio 2015\projects\backgroundx86\opencvexample\release\opencvexample.tlog\opencvexample.read.1u.tlog
c:\users\petra\documents\visual studio 2015\projects\backgroundx86\opencvexample\release\opencvexample.tlog\opencvexample.write.1u.tlog
c:\users\petra\documents\visual studio 2015\projects\backgroundx86\opencvexample\generated files\xamlbindinginfo.g.h
c:\users\petra\documents\visual studio 2015\projects\backgroundx86\opencvexample\generated files\xamltypeinfo.g.h
c:\users\petra\documents\visual studio 2015\projects\backgroundx86\opencvexample\generated files\xamllibmetadataprovider.g.cpp
c:\users\petra\documents\visual studio 2015\projects\backgroundx86\opencvexample\generated files\xamltypeinfo.g.cpp
c:\users\petra\documents\visual studio 2015\projects\backgroundx86\opencvexample\generated files\xamltypeinfo.impl.g.cpp
